<?xml version="1.0" encoding="UTF-8"?>
<testng-results skipped="0" failed="0" total="1" passed="1">
  <reporter-output>
  </reporter-output>
  <suite name="Suite" duration-ms="4482" started-at="2021-03-25T13:56:01Z" finished-at="2021-03-25T13:56:06Z">
    <groups>
    </groups>
    <test name="Test" duration-ms="4482" started-at="2021-03-25T13:56:01Z" finished-at="2021-03-25T13:56:06Z">
      <class name="tests.LoginTest">
        <test-method status="PASS" signature="Fetchdata()[pri:0, instance:tests.LoginTest@670b40af]" name="Fetchdata" is-config="true" duration-ms="478" started-at="2021-03-25T13:56:01Z" finished-at="2021-03-25T13:56:02Z">
          <reporter-output>
          </reporter-output>
        </test-method> <!-- Fetchdata -->
        <test-method status="PASS" signature="setup()[pri:0, instance:tests.LoginTest@670b40af]" name="setup" is-config="true" duration-ms="2145" started-at="2021-03-25T13:56:02Z" finished-at="2021-03-25T13:56:04Z">
          <reporter-output>
          </reporter-output>
        </test-method> <!-- setup -->
        <test-method status="PASS" signature="login()[pri:0, instance:tests.LoginTest@670b40af]" name="login" duration-ms="1853" started-at="2021-03-25T13:56:04Z" finished-at="2021-03-25T13:56:06Z">
          <reporter-output>
          </reporter-output>
        </test-method> <!-- login -->
      </class> <!-- tests.LoginTest -->
    </test> <!-- Test -->
  </suite> <!-- Suite -->
</testng-results>
